#
# A fatal error has been detected by the Java Runtime Environment:
#
#  Internal Error (constantTag.cpp:59), pid=7860, tid=0x0000000000001838
#  Error: ShouldNotReachHere()
#
# JRE version: Java(TM) SE Runtime Environment (8.0_211-b12) (build 1.8.0_211-b12)
# Java VM: Java HotSpot(TM) 64-Bit Server VM (25.211-b12 mixed mode windows-amd64 compressed oops)
# Failed to write core dump. Minidumps are not enabled by default on client versions of Windows
#
# If you would like to submit a bug report, please visit:
#   http://bugreport.java.com/bugreport/crash.jsp
#

---------------  T H R E A D  ---------------

Current thread (0x000000000299d000):  GCTaskThread [stack: 0x0000000012390000,0x0000000012490000] [id=6200]

Stack: [0x0000000012390000,0x0000000012490000]
[error occurred during error reporting (printing stack bounds), id 0xc0000005]

Native frames: (J=compiled Java code, j=interpreted, Vv=VM code, C=native code)

JavaThread 0x0000000002984000 (nid = 11040) was being processed
Java frames: (J=compiled Java code, j=interpreted, Vv=VM code)
j  RadhaPracticeHTMLPages.dropdown.textboxActions()V+38
v  ~StubRoutines::call_stub
j  sun.reflect.NativeMethodAccessorImpl.invoke0(Ljava/lang/reflect/Method;Ljava/lang/Object;[Ljava/lang/Object;)Ljava/lang/Object;+0
j  sun.reflect.NativeMethodAccessorImpl.invoke(Ljava/lang/Object;[Ljava/lang/Object;)Ljava/lang/Object;+100
j  sun.reflect.DelegatingMethodAccessorImpl.invoke(Ljava/lang/Object;[Ljava/lang/Object;)Ljava/lang/Object;+6
j  java.lang.reflect.Method.invoke(Ljava/lang/Object;[Ljava/lang/Object;)Ljava/lang/Object;+56
j  org.testng.internal.MethodInvocationHelper.invokeMethod(Ljava/lang/reflect/Method;Ljava/lang/Object;[Ljava/lang/Object;)Ljava/lang/Object;+235
j  org.testng.internal.Invoker.invokeMethod(Ljava/lang/Object;Lorg/testng/ITestNGMethod;[Ljava/lang/Object;ILorg/testng/xml/XmlSuite;Ljava/util/Map;Lorg/testng/ITestClass;[Lorg/testng/ITestNGMethod;[Lorg/testng/ITestNGMethod;Lorg/testng/internal/ConfigurationGroupMethods;Lorg/testng/internal/Invoker$FailureContext;)Lorg/testng/ITestResult;+287
j  org.testng.internal.Invoker.invokeTestMethod(Ljava/lang/Object;Lorg/testng/ITestNGMethod;[Ljava/lang/Object;ILorg/testng/xml/XmlSuite;Ljava/util/Map;Lorg/testng/ITestClass;[Lorg/testng/ITestNGMethod;[Lorg/testng/ITestNGMethod;Lorg/testng/internal/ConfigurationGroupMethods;Lorg/testng/internal/Invoker$FailureContext;)Lorg/testng/ITestResult;+29
j  org.testng.internal.Invoker.invokeTestMethods(Lorg/testng/ITestNGMethod;Lorg/testng/xml/XmlSuite;Ljava/util/Map;Lorg/testng/internal/ConfigurationGroupMethods;Ljava/lang/Object;Lorg/testng/ITestContext;)Ljava/util/List;+675
j  org.testng.internal.TestMethodWorker.invokeTestMethods(Lorg/testng/ITestNGMethod;Ljava/lang/Object;Lorg/testng/ITestContext;)V+19
j  org.testng.internal.TestMethodWorker.run()V+60
j  org.testng.TestRunner.privateRun(Lorg/testng/xml/XmlTest;)V+315
j  org.testng.TestRunner.run()V+26
j  org.testng.SuiteRunner.runTest(Lorg/testng/TestRunner;)V+1
j  org.testng.SuiteRunner.runSequentially()V+31
j  org.testng.SuiteRunner.privateRun()V+282
j  org.testng.SuiteRunner.run()V+6
j  org.testng.SuiteRunnerWorker.runSuite(Lorg/testng/internal/SuiteRunnerMap;Lorg/testng/xml/XmlSuite;)V+89
j  org.testng.SuiteRunnerWorker.run()V+12
j  org.testng.TestNG.runSuitesSequentially(Lorg/testng/xml/XmlSuite;Lorg/testng/internal/SuiteRunnerMap;ILjava/lang/String;)V+66
j  org.testng.TestNG.runSuitesLocally()Ljava/util/List;+143
j  org.testng.TestNG.runSuites()Ljava/util/List;+1
j  org.testng.TestNG.run()V+47
j  org.testng.remote.AbstractRemoteTestNG.run()V+163
j  org.testng.remote.RemoteTestNG.initAndRun(Lorg/testng/remote/IRemoteTestNG;[Ljava/lang/String;Lorg/testng/CommandLineArgs;Lorg/testng/remote/RemoteArgs;)V+184
j  org.testng.remote.RemoteTestNG.main([Ljava/lang/String;)V+178
v  ~StubRoutines::call_stub

---------------  P R O C E S S  ---------------

Java Threads: ( => current thread )
  0x0000000017117000 JavaThread "Exec Stream Pumper" daemon [_thread_in_native, id=9180, stack(0x0000000019690000,0x0000000019790000)]
  0x0000000017cd3800 JavaThread "Exec Stream Pumper" daemon [_thread_in_native, id=9820, stack(0x0000000019590000,0x0000000019690000)]
  0x0000000017d63000 JavaThread "Exec Default Executor" daemon [_thread_in_native, id=7108, stack(0x0000000019490000,0x0000000019590000)]
  0x0000000017294800 JavaThread "ReaderThread" [_thread_blocked, id=11660, stack(0x0000000017dc0000,0x0000000017ec0000)]
  0x0000000016f09800 JavaThread "Service Thread" daemon [_thread_blocked, id=8072, stack(0x00000000173c0000,0x00000000174c0000)]
  0x0000000016ee8800 JavaThread "C1 CompilerThread2" daemon [_thread_blocked, id=10656, stack(0x00000000172c0000,0x00000000173c0000)]
  0x000000001504c000 JavaThread "C2 CompilerThread1" daemon [_thread_blocked, id=9840, stack(0x0000000016dc0000,0x0000000016ec0000)]
  0x000000001504a000 JavaThread "C2 CompilerThread0" daemon [_thread_blocked, id=12188, stack(0x0000000016cc0000,0x0000000016dc0000)]
  0x0000000015037800 JavaThread "JDWP Event Helper Thread" daemon [_thread_blocked, id=9364, stack(0x0000000016ac0000,0x0000000016bc0000)]
  0x0000000015026800 JavaThread "JDWP Transport Listener: dt_socket" daemon [_thread_blocked, id=7280, stack(0x00000000169c0000,0x0000000016ac0000)]
  0x000000001502b800 JavaThread "Attach Listener" daemon [_thread_blocked, id=648, stack(0x0000000016580000,0x0000000016680000)]
  0x000000001502a000 JavaThread "Signal Dispatcher" daemon [_thread_blocked, id=5244, stack(0x0000000016480000,0x0000000016580000)]
  0x0000000002a7c800 JavaThread "Finalizer" daemon [_thread_blocked, id=4764, stack(0x0000000016280000,0x0000000016380000)]
  0x0000000002a74000 JavaThread "Reference Handler" daemon [_thread_blocked, id=10068, stack(0x0000000016180000,0x0000000016280000)]
  0x0000000002984000 JavaThread "main" [_thread_blocked, id=11040, stack(0x0000000002820000,0x0000000002920000)]

Other Threads:
  0x0000000014fe7800 VMThread [stack: 0x0000000016080000,0x0000000016180000] [id=2628]
  0x0000000016f0e800 WatcherThread [stack: 0x00000000174c0000,0x00000000175c0000] [id=7272]

=>0x000000000299d000 (exited) GCTaskThread [stack: 0x0000000012390000,0x0000000012490000] [id=6200]

VM state:at safepoint (normal execution)

VM Mutex/Monitor currently owned by a thread:  ([mutex/lock_event])
[0x0000000002980dd0] Threads_lock - owner thread: 0x0000000014fe7800
[0x00000000029815d0] Heap_lock - owner thread: 0x0000000017294800

heap address: 0x00000000c2000000, size: 992 MB, Compressed Oops mode: 32-bit
Narrow klass base: 0x0000000000000000, Narrow klass shift: 3
Compressed class space size: 1073741824 Address: 0x0000000100000000

Heap:
 PSYoungGen      total 18432K, used 18400K [0x00000000eb580000, 0x00000000eca00000, 0x0000000100000000)
  eden space 15872K, 100% used [0x00000000eb580000,0x00000000ec500000,0x00000000ec500000)
  from space 2560K, 98% used [0x00000000ec500000,0x00000000ec778060,0x00000000ec780000)
  to   space 2560K, 98% used [0x00000000ec780000,0x00000000ec9f8748,0x00000000eca00000)
 ParOldGen       total 42496K, used 6495K [0x00000000c2000000, 0x00000000c4980000, 0x00000000eb580000)
  object space 42496K, 15% used [0x00000000c2000000,0x00000000c2657f50,0x00000000c4980000)
 Metaspace       used 18826K, capacity 19576K, committed 19712K, reserved 1067008K
  class space    used 2322K, capacity 2524K, committed 2560K, reserved 1048576K

Card table byte_map: [0x0000000011e40000,0x0000000012040000] byte_map_base: 0x0000000011830000

Marking Bits: (ParMarkBitMap*) 0x0000000075a95ce0
 Begin Bits: [0x0000000012590000, 0x0000000013510000)
 End Bits:   [0x0000000013510000, 0x0000000014490000)

Polling page: 0x00000000007f0000

CodeCache: size=245760Kb used=5466Kb max_used=5471Kb free=240293Kb
 bounds [0x0000000002a80000, 0x0000000002fe0000, 0x0000000011a80000]
 total_blobs=1950 nmethods=1526 adapters=344
 compilation: enabled

Compilation events (10 events):
Event: 48.242 Thread 0x0000000016ee8800 1523       3       java.lang.StringBuilder::append (8 bytes)
Event: 48.242 Thread 0x0000000016ee8800 nmethod 1523 0x0000000002fd8dd0 code [0x0000000002fd8f40, 0x0000000002fd90e8]
Event: 48.242 Thread 0x0000000016ee8800 1524       3       java.util.stream.StreamOpFlag::combineOpFlags (9 bytes)
Event: 48.243 Thread 0x0000000016ee8800 nmethod 1524 0x0000000002fd8990 code [0x0000000002fd8b00, 0x0000000002fd8d10]
Event: 48.243 Thread 0x0000000016ee8800 1525       3       java.nio.charset.Charset::atBugLevel (44 bytes)
Event: 48.243 Thread 0x0000000016ee8800 nmethod 1525 0x0000000002fd8090 code [0x0000000002fd8240, 0x0000000002fd87d8]
Event: 48.243 Thread 0x0000000016ee8800 1526       3       java.lang.StringBuilder::append (6 bytes)
Event: 48.244 Thread 0x0000000016ee8800 nmethod 1526 0x0000000002fd7bd0 code [0x0000000002fd7d40, 0x0000000002fd7fc8]
Event: 48.244 Thread 0x0000000016ee8800 1527       3       java.lang.StringBuilder::append (6 bytes)
Event: 48.244 Thread 0x0000000016ee8800 nmethod 1527 0x0000000002fd7710 code [0x0000000002fd7880, 0x0000000002fd7b08]

GC Heap History (7 events):
Event: 2.083 GC heap before
{Heap before GC invocations=1 (full 0):
 PSYoungGen      total 18432K, used 15872K [0x00000000eb580000, 0x00000000eca00000, 0x0000000100000000)
  eden space 15872K, 100% used [0x00000000eb580000,0x00000000ec500000,0x00000000ec500000)
  from space 2560K, 0% used [0x00000000ec780000,0x00000000ec780000,0x00000000eca00000)
  to   space 2560K, 0% used [0x00000000ec500000,0x00000000ec500000,0x00000000ec780000)
 ParOldGen       total 42496K, used 0K [0x00000000c2000000, 0x00000000c4980000, 0x00000000eb580000)
  object space 42496K, 0% used [0x00000000c2000000,0x00000000c2000000,0x00000000c4980000)
 Metaspace       used 8765K, capacity 8860K, committed 8960K, reserved 1056768K
  class space    used 985K, capacity 1010K, committed 1024K, reserved 1048576K
Event: 2.088 GC heap after
Heap after GC invocations=1 (full 0):
 PSYoungGen      total 18432K, used 2536K [0x00000000eb580000, 0x00000000eca00000, 0x0000000100000000)
  eden space 15872K, 0% used [0x00000000eb580000,0x00000000eb580000,0x00000000ec500000)
  from space 2560K, 99% used [0x00000000ec500000,0x00000000ec77a1d8,0x00000000ec780000)
  to   space 2560K, 0% used [0x00000000ec780000,0x00000000ec780000,0x00000000eca00000)
 ParOldGen       total 42496K, used 1117K [0x00000000c2000000, 0x00000000c4980000, 0x00000000eb580000)
  object space 42496K, 2% used [0x00000000c2000000,0x00000000c21177a0,0x00000000c4980000)
 Metaspace       used 8765K, capacity 8860K, committed 8960K, reserved 1056768K
  class space    used 985K, capacity 1010K, committed 1024K, reserved 1048576K
}
Event: 3.111 GC heap before
{Heap before GC invocations=2 (full 0):
 PSYoungGen      total 18432K, used 18408K [0x00000000eb580000, 0x00000000eca00000, 0x0000000100000000)
  eden space 15872K, 100% used [0x00000000eb580000,0x00000000ec500000,0x00000000ec500000)
  from space 2560K, 99% used [0x00000000ec500000,0x00000000ec77a1d8,0x00000000ec780000)
  to   space 2560K, 0% used [0x00000000ec780000,0x00000000ec780000,0x00000000eca00000)
 ParOldGen       total 42496K, used 1117K [0x00000000c2000000, 0x00000000c4980000, 0x00000000eb580000)
  object space 42496K, 2% used [0x00000000c2000000,0x00000000c21177a0,0x00000000c4980000)
 Metaspace       used 13026K, capacity 13214K, committed 13440K, reserved 1060864K
  class space    used 1477K, capacity 1581K, committed 1664K, reserved 1048576K
Event: 3.122 GC heap after
Heap after GC invocations=2 (full 0):
 PSYoungGen      total 18432K, used 2548K [0x00000000eb580000, 0x00000000eca00000, 0x0000000100000000)
  eden space 15872K, 0% used [0x00000000eb580000,0x00000000eb580000,0x00000000ec500000)
  from space 2560K, 99% used [0x00000000ec780000,0x00000000ec9fd2a8,0x00000000eca00000)
  to   space 2560K, 0% used [0x00000000ec500000,0x00000000ec500000,0x00000000ec780000)
 ParOldGen       total 42496K, used 3048K [0x00000000c2000000, 0x00000000c4980000, 0x00000000eb580000)
  object space 42496K, 7% used [0x00000000c2000000,0x00000000c22fa3f8,0x00000000c4980000)
 Metaspace       used 13026K, capacity 13214K, committed 13440K, reserved 1060864K
  class space    used 1477K, capacity 1581K, committed 1664K, reserved 1048576K
}
Event: 10.040 GC heap before
{Heap before GC invocations=3 (full 0):
 PSYoungGen      total 18432K, used 18420K [0x00000000eb580000, 0x00000000eca00000, 0x0000000100000000)
  eden space 15872K, 100% used [0x00000000eb580000,0x00000000ec500000,0x00000000ec500000)
  from space 2560K, 99% used [0x00000000ec780000,0x00000000ec9fd2a8,0x00000000eca00000)
  to   space 2560K, 0% used [0x00000000ec500000,0x00000000ec500000,0x00000000ec780000)
 ParOldGen       total 42496K, used 3048K [0x00000000c2000000, 0x00000000c4980000, 0x00000000eb580000)
  object space 42496K, 7% used [0x00000000c2000000,0x00000000c22fa3f8,0x00000000c4980000)
 Metaspace       used 15507K, capacity 15842K, committed 16128K, reserved 1062912K
  class space    used 1823K, capacity 1943K, committed 2048K, reserved 1048576K
Event: 10.047 GC heap after
Heap after GC invocations=3 (full 0):
 PSYoungGen      total 18432K, used 2528K [0x00000000eb580000, 0x00000000eca00000, 0x0000000100000000)
  eden space 15872K, 0% used [0x00000000eb580000,0x00000000eb580000,0x00000000ec500000)
  from space 2560K, 98% used [0x00000000ec500000,0x00000000ec778060,0x00000000ec780000)
  to   space 2560K, 0% used [0x00000000ec780000,0x00000000ec780000,0x00000000eca00000)
 ParOldGen       total 42496K, used 5999K [0x00000000c2000000, 0x00000000c4980000, 0x00000000eb580000)
  object space 42496K, 14% used [0x00000000c2000000,0x00000000c25dbcc8,0x00000000c4980000)
 Metaspace       used 15507K, capacity 15842K, committed 16128K, reserved 1062912K
  class space    used 1823K, capacity 1943K, committed 2048K, reserved 1048576K
}
Event: 19269.604 GC heap before
{Heap before GC invocations=4 (full 0):
 PSYoungGen      total 18432K, used 18400K [0x00000000eb580000, 0x00000000eca00000, 0x0000000100000000)
  eden space 15872K, 100% used [0x00000000eb580000,0x00000000ec500000,0x00000000ec500000)
  from space 2560K, 98% used [0x00000000ec500000,0x00000000ec778060,0x00000000ec780000)
  to   space 2560K, 0% used [0x00000000ec780000,0x00000000ec780000,0x00000000eca00000)
 ParOldGen       total 42496K, used 5999K [0x00000000c2000000, 0x00000000c4980000, 0x00000000eb580000)
  object space 42496K, 14% used [0x00000000c2000000,0x00000000c25dbcc8,0x00000000c4980000)
 Metaspace       used 18826K, capacity 19576K, committed 19712K, reserved 1067008K
  class space    used 2322K, capacity 2524K, committed 2560K, reserved 1048576K

Deoptimization events (10 events):
Event: 11.315 Thread 0x0000000002984000 Uncommon trap: reason=class_check action=maybe_recompile pc=0x0000000002e7c500 method=java.util.regex.Matcher.search(I)Z @ 86
Event: 11.315 Thread 0x0000000002984000 Uncommon trap: reason=class_check action=maybe_recompile pc=0x0000000002e7c500 method=java.util.regex.Matcher.search(I)Z @ 86
Event: 11.315 Thread 0x0000000002984000 Uncommon trap: reason=class_check action=maybe_recompile pc=0x0000000002e4d2ec method=java.util.regex.Pattern$Curly.match(Ljava/util/regex/Matcher;ILjava/lang/CharSequence;)Z @ 19
Event: 11.343 Thread 0x0000000002984000 Uncommon trap: reason=class_check action=maybe_recompile pc=0x0000000002e4d2ec method=java.util.regex.Pattern$Curly.match(Ljava/util/regex/Matcher;ILjava/lang/CharSequence;)Z @ 19
Event: 11.343 Thread 0x0000000002984000 Uncommon trap: reason=class_check action=maybe_recompile pc=0x0000000002e4d2ec method=java.util.regex.Pattern$Curly.match(Ljava/util/regex/Matcher;ILjava/lang/CharSequence;)Z @ 19
Event: 11.437 Thread 0x0000000002984000 Uncommon trap: reason=unstable_if action=reinterpret pc=0x0000000002e33670 method=java.util.regex.Pattern$BmpCharProperty.match(Ljava/util/regex/Matcher;ILjava/lang/CharSequence;)Z @ 34
Event: 24.355 Thread 0x0000000002984000 Uncommon trap: reason=class_check action=maybe_recompile pc=0x0000000002faac08 method=org.openqa.selenium.json.Input.init()V @ 18
Event: 24.356 Thread 0x0000000002984000 Uncommon trap: reason=class_check action=maybe_recompile pc=0x0000000002faac08 method=org.openqa.selenium.json.Input.init()V @ 18
Event: 24.356 Thread 0x0000000002984000 Uncommon trap: reason=class_check action=maybe_recompile pc=0x0000000002faac08 method=org.openqa.selenium.json.Input.init()V @ 18
Event: 24.356 Thread 0x0000000002984000 Uncommon trap: reason=class_check action=maybe_recompile pc=0x0000000002faac08 method=org.openqa.selenium.json.Input.init()V @ 18

Classes redefined (4 events):
Event: 1120.356 Thread 0x0000000014fe7800 redefined class name=RadhaPracticeHTMLPages.dropdown, count=1
Event: 10978.617 Thread 0x0000000014fe7800 redefined class name=RadhaPracticeHTMLPages.dropdown, count=2
Event: 11092.841 Thread 0x0000000014fe7800 redefined class name=RadhaPracticeHTMLPages.dropdown, count=3
Event: 11310.796 Thread 0x0000000014fe7800 redefined class name=RadhaPracticeHTMLPages.dropdown, count=4

Internal exceptions (10 events):
Event: 10.560 Thread 0x0000000002984000 Exception <a 'java/lang/IncompatibleClassChangeError': Found class java.lang.Object, but interface was expected> (0x00000000eb5dcdd8) thrown at [C:\re\workspace\8-2-build-windows-amd64-cygwin\jdk8u211\12973\hotspot\src\share\vm\interpreter\linkResolver.cp
Event: 10.607 Thread 0x0000000002984000 Exception <a 'java/lang/NoSuchMethodError': java.lang.Object.lambda$or$2(Ljava/util/function/Predicate;Ljava/lang/Object;)Z> (0x00000000eb5eb250) thrown at [C:\re\workspace\8-2-build-windows-amd64-cygwin\jdk8u211\12973\hotspot\src\share\vm\interpreter\lin
Event: 10.931 Thread 0x0000000002984000 Exception <a 'java/lang/ArrayIndexOutOfBoundsException': 110> (0x00000000eb71a300) thrown at [C:\re\workspace\8-2-build-windows-amd64-cygwin\jdk8u211\12973\hotspot\src\share\vm\interpreter\interpreterRuntime.cpp, line 368]
Event: 10.932 Thread 0x0000000002984000 Exception <a 'java/lang/ArrayIndexOutOfBoundsException': 88> (0x00000000eb71ba28) thrown at [C:\re\workspace\8-2-build-windows-amd64-cygwin\jdk8u211\12973\hotspot\src\share\vm\interpreter\interpreterRuntime.cpp, line 368]
Event: 10.933 Thread 0x0000000002984000 Exception <a 'java/lang/ArrayIndexOutOfBoundsException': 92> (0x00000000eb721368) thrown at [C:\re\workspace\8-2-build-windows-amd64-cygwin\jdk8u211\12973\hotspot\src\share\vm\interpreter\interpreterRuntime.cpp, line 368]
Event: 10.933 Thread 0x0000000002984000 Exception <a 'java/lang/ArrayIndexOutOfBoundsException': 57> (0x00000000eb726788) thrown at [C:\re\workspace\8-2-build-windows-amd64-cygwin\jdk8u211\12973\hotspot\src\share\vm\interpreter\interpreterRuntime.cpp, line 368]
Event: 11.031 Thread 0x0000000002984000 Exception <a 'java/lang/NoSuchMethodError': java.lang.Object.lambda$chars$0()Ljava/util/Spliterator$OfInt;> (0x00000000eb930f80) thrown at [C:\re\workspace\8-2-build-windows-amd64-cygwin\jdk8u211\12973\hotspot\src\share\vm\interpreter\linkResolver.cpp, li
Event: 24.458 Thread 0x0000000002984000 Exception <a 'java/lang/NoSuchMethodError': java.lang.Object.lambda$getResponseFunction$0(Lorg/openqa/selenium/remote/InitialHandshakeResponse;)Lorg/openqa/selenium/remote/ProtocolHandshake$Result;> (0x00000000ec3397f8) thrown at [C:\re\workspace\8-2-buil
Event: 24.612 Thread 0x0000000002984000 Exception <a 'java/net/SocketTimeoutException': Read timed out> (0x00000000ec493aa8) thrown at [C:\re\workspace\8-2-build-windows-amd64-cygwin\jdk8u211\12973\hotspot\src\share\vm\prims\jni.cpp, line 736]
Event: 29.605 Thread 0x0000000002984000 Exception <a 'java/net/SocketTimeoutException': Read timed out> (0x00000000ec4ae2b0) thrown at [C:\re\workspace\8-2-build-windows-amd64-cygwin\jdk8u211\12973\hotspot\src\share\vm\prims\jni.cpp, line 736]

Events (10 events):
Event: 17724.101 Executing VM operation: GetCurrentContendedMonitor
Event: 17724.101 Executing VM operation: GetCurrentContendedMonitor done
Event: 18864.124 Executing VM operation: GetOwnedMonitorInfo
Event: 18864.124 Executing VM operation: GetOwnedMonitorInfo done
Event: 18864.124 Executing VM operation: GetCurrentContendedMonitor
Event: 18864.125 Executing VM operation: GetCurrentContendedMonitor done
Event: 19268.761 Executing VM operation: ChangeBreakpoints
Event: 19269.225 Executing VM operation: ChangeBreakpoints done
Event: 19269.372 Thread 0x000000001503b000 Thread exited: 0x000000001503b000
Event: 19269.580 Executing VM operation: ParallelGCFailedAllocation


Dynamic libraries:
0x00007ff765690000 - 0x00007ff7656c7000 	C:\Program Files\Java\jdk1.8.0_211\bin\javaw.exe
0x00007ff9a2440000 - 0x00007ff9a2630000 	C:\WINDOWS\SYSTEM32\ntdll.dll
0x00007ff9a00e0000 - 0x00007ff9a0192000 	C:\WINDOWS\System32\KERNEL32.DLL
0x00007ff99ea60000 - 0x00007ff99ed03000 	C:\WINDOWS\System32\KERNELBASE.dll
0x00007ff9a0960000 - 0x00007ff9a0a03000 	C:\WINDOWS\System32\ADVAPI32.dll
0x00007ff9a1060000 - 0x00007ff9a10fe000 	C:\WINDOWS\System32\msvcrt.dll
0x00007ff9a0300000 - 0x00007ff9a0397000 	C:\WINDOWS\System32\sechost.dll
0x00007ff99fe40000 - 0x00007ff99ff60000 	C:\WINDOWS\System32\RPCRT4.dll
0x00007ff9a03b0000 - 0x00007ff9a0543000 	C:\WINDOWS\System32\USER32.dll
0x00007ff99ed10000 - 0x00007ff99ed31000 	C:\WINDOWS\System32\win32u.dll
0x00007ff9a0880000 - 0x00007ff9a08a6000 	C:\WINDOWS\System32\GDI32.dll
0x00007ff99efb0000 - 0x00007ff99f144000 	C:\WINDOWS\System32\gdi32full.dll
0x00007ff99f200000 - 0x00007ff99f29e000 	C:\WINDOWS\System32\msvcp_win.dll
0x00007ff99eeb0000 - 0x00007ff99efaa000 	C:\WINDOWS\System32\ucrtbase.dll
0x00007ff9950f0000 - 0x00007ff995375000 	C:\WINDOWS\WinSxS\amd64_microsoft.windows.common-controls_6595b64144ccf1df_6.0.18362.329_none_e6c7b0c7130c72de\COMCTL32.dll
0x00007ff9a2050000 - 0x00007ff9a2386000 	C:\WINDOWS\System32\combase.dll
0x00007ff99fb00000 - 0x00007ff99fb80000 	C:\WINDOWS\System32\bcryptPrimitives.dll
0x00007ff99fb90000 - 0x00007ff99fbbe000 	C:\WINDOWS\System32\IMM32.DLL
0x0000000077590000 - 0x0000000077662000 	C:\Program Files\Java\jdk1.8.0_211\jre\bin\msvcr100.dll
0x0000000075270000 - 0x0000000075b15000 	C:\Program Files\Java\jdk1.8.0_211\jre\bin\server\jvm.dll
0x00007ff9a2390000 - 0x00007ff9a2398000 	C:\WINDOWS\System32\PSAPI.DLL
0x00007ff996c80000 - 0x00007ff996c89000 	C:\WINDOWS\SYSTEM32\WSOCK32.dll
0x00007ff9a0ef0000 - 0x00007ff9a0f5f000 	C:\WINDOWS\System32\WS2_32.dll
0x00007ff995c30000 - 0x00007ff995c54000 	C:\WINDOWS\SYSTEM32\WINMM.dll
0x00007ff9940f0000 - 0x00007ff9940fa000 	C:\WINDOWS\SYSTEM32\VERSION.dll
0x00007ff995c00000 - 0x00007ff995c2d000 	C:\WINDOWS\SYSTEM32\WINMMBASE.dll
0x00007ff99f330000 - 0x00007ff99f37a000 	C:\WINDOWS\System32\cfgmgr32.dll
0x00007ff99a340000 - 0x00007ff99a34f000 	C:\Program Files\Java\jdk1.8.0_211\jre\bin\verify.dll
0x00007ff98d180000 - 0x00007ff98d1a9000 	C:\Program Files\Java\jdk1.8.0_211\jre\bin\java.dll
0x00007ff9890a0000 - 0x00007ff9890d5000 	C:\Program Files\Java\jdk1.8.0_211\jre\bin\jdwp.dll
0x00007ff99a330000 - 0x00007ff99a338000 	C:\Program Files\Java\jdk1.8.0_211\jre\bin\npt.dll
0x00007ff9968c0000 - 0x00007ff9968d6000 	C:\Program Files\Java\jdk1.8.0_211\jre\bin\zip.dll
0x00007ff9a1170000 - 0x00007ff9a1855000 	C:\WINDOWS\System32\SHELL32.dll
0x00007ff9a0030000 - 0x00007ff9a00d9000 	C:\WINDOWS\System32\shcore.dll
0x00007ff99f380000 - 0x00007ff99fafe000 	C:\WINDOWS\System32\windows.storage.dll
0x00007ff99e9b0000 - 0x00007ff99e9cf000 	C:\WINDOWS\System32\profapi.dll
0x00007ff99e9d0000 - 0x00007ff99ea1a000 	C:\WINDOWS\System32\powrprof.dll
0x00007ff99e9a0000 - 0x00007ff99e9b0000 	C:\WINDOWS\System32\UMPDC.dll
0x00007ff9a0f60000 - 0x00007ff9a0fb2000 	C:\WINDOWS\System32\shlwapi.dll
0x00007ff99ea20000 - 0x00007ff99ea31000 	C:\WINDOWS\System32\kernel.appcore.dll
0x00007ff99ee90000 - 0x00007ff99eea7000 	C:\WINDOWS\System32\cryptsp.dll
0x00007ff999e40000 - 0x00007ff999e49000 	C:\Program Files\Java\jdk1.8.0_211\jre\bin\dt_socket.dll
0x00007ff99c500000 - 0x00007ff99c516000 	C:\WINDOWS\system32\napinsp.dll
0x00007ff99c4e0000 - 0x00007ff99c4fa000 	C:\WINDOWS\system32\pnrpnsp.dll
0x00007ff99e1b0000 - 0x00007ff99e217000 	C:\WINDOWS\System32\mswsock.dll
0x00007ff99df00000 - 0x00007ff99dfca000 	C:\WINDOWS\SYSTEM32\DNSAPI.dll
0x00007ff99fb80000 - 0x00007ff99fb88000 	C:\WINDOWS\System32\NSI.dll
0x00007ff99dec0000 - 0x00007ff99defa000 	C:\WINDOWS\SYSTEM32\IPHLPAPI.DLL
0x00007ff99c4d0000 - 0x00007ff99c4de000 	C:\WINDOWS\System32\winrnr.dll
0x00007ff99b430000 - 0x00007ff99b44c000 	C:\WINDOWS\system32\NLAapi.dll
0x00007ff99bf00000 - 0x00007ff99bf15000 	C:\WINDOWS\system32\wshbth.dll
0x00007ff99a110000 - 0x00007ff99a187000 	C:\WINDOWS\System32\fwpuclnt.dll
0x00007ff99f300000 - 0x00007ff99f326000 	C:\WINDOWS\System32\bcrypt.dll
0x00007ff999b00000 - 0x00007ff999b0a000 	C:\Windows\System32\rasadhlp.dll
0x00007ff98b7c0000 - 0x00007ff98b7da000 	C:\Program Files\Java\jdk1.8.0_211\jre\bin\net.dll
0x00007ff9a1e70000 - 0x00007ff9a2046000 	C:\WINDOWS\System32\urlmon.dll
0x00007ff9a05d0000 - 0x00007ff9a0876000 	C:\WINDOWS\System32\iertutil.dll
0x00007ff99e380000 - 0x00007ff99e38c000 	C:\WINDOWS\SYSTEM32\CRYPTBASE.DLL
0x00007ff99dd20000 - 0x00007ff99dd53000 	C:\WINDOWS\system32\rsaenh.dll
0x00007ff99e8c0000 - 0x00007ff99e8e5000 	C:\WINDOWS\SYSTEM32\USERENV.dll
0x00007ff99a1f0000 - 0x00007ff99a206000 	C:\WINDOWS\SYSTEM32\dhcpcsvc6.DLL
0x00007ff99a500000 - 0x00007ff99a51c000 	C:\WINDOWS\SYSTEM32\dhcpcsvc.DLL
0x00007ff98b7a0000 - 0x00007ff98b7b2000 	C:\Program Files\Java\jdk1.8.0_211\jre\bin\nio.dll
0x00007ff989070000 - 0x00007ff989094000 	C:\Program Files\Java\jdk1.8.0_211\jre\bin\sunec.dll
0x00007ff98e150000 - 0x00007ff98e15b000 	C:\Program Files\Java\jdk1.8.0_211\jre\bin\sunmscapi.dll
0x00007ff99ed40000 - 0x00007ff99ee89000 	C:\WINDOWS\System32\CRYPT32.dll
0x00007ff99ea40000 - 0x00007ff99ea52000 	C:\WINDOWS\System32\MSASN1.dll

VM Arguments:
jvm_args: -agentlib:jdwp=transport=dt_socket,suspend=y,address=localhost:9701 -ea -Dfile.encoding=Cp1252 
java_command: org.testng.remote.RemoteTestNG -serport 9700 -protocol json -d B:\Tuition\Radha WS\RadhaPracticeSelenium\test-output C:\Users\radha\AppData\Local\Temp\testng-eclipse--1644673216\testng-customsuite.xml
java_class_path (initial): C:\eclipse-jee-oxygen-3a-win32-x86_64\eclipse\plugins\org.testng.eclipse_6.9.11.201604020423\lib\testng-remote.jar;C:\Program Files\Java\jdk1.8.0_211\jre\lib\resources.jar;C:\Program Files\Java\jdk1.8.0_211\jre\lib\rt.jar;C:\Program Files\Java\jdk1.8.0_211\jre\lib\jsse.jar;C:\Program Files\Java\jdk1.8.0_211\jre\lib\jce.jar;C:\Program Files\Java\jdk1.8.0_211\jre\lib\charsets.jar;C:\Program Files\Java\jdk1.8.0_211\jre\lib\jfr.jar;C:\Program Files\Java\jdk1.8.0_211\jre\lib\ext\access-bridge-64.jar;C:\Program Files\Java\jdk1.8.0_211\jre\lib\ext\cldrdata.jar;C:\Program Files\Java\jdk1.8.0_211\jre\lib\ext\dnsns.jar;C:\Program Files\Java\jdk1.8.0_211\jre\lib\ext\jaccess.jar;C:\Program Files\Java\jdk1.8.0_211\jre\lib\ext\jfxrt.jar;C:\Program Files\Java\jdk1.8.0_211\jre\lib\ext\localedata.jar;C:\Program Files\Java\jdk1.8.0_211\jre\lib\ext\nashorn.jar;C:\Program Files\Java\jdk1.8.0_211\jre\lib\ext\sunec.jar;C:\Program Files\Java\jdk1.8.0_211\jre\lib\ext\sunjce_provider.jar;C:\Program Files\Java\jdk1.8.0_211\jre\lib\ext\sunmscapi.jar;C:\Program Files\Java\jdk1.8.0_211\jre\lib\ext\sunpkcs11.jar;C:\Program Files\Java\jdk1.8.0_211\jre\lib\ext\zipfs.jar;B:\Tuition\Radha WS\RadhaPracticeSelenium\target\test-classes;B:\Tuition\Radha WS\RadhaPracticeSelenium\target\classes;C:\eclipse-jee-oxygen-3a-win32-x86_64\eclipse\plugins\org.testng.eclipse_6.9.11.201604020423\lib\testng.jar;C:\eclipse-jee-oxygen-3a-win32-x86_64\eclipse\plugins\org.testng.eclipse_6.9.11.201604020423\lib\jcommander.jar;C:\eclipse-jee-oxygen-3a-win32-x86_64\eclipse\plugins\org.testng.eclipse_6.9.11.201604020423\lib\bsh-2.0b4.jar;C:\eclipse-jee-oxygen-3a-win32-x86_64\eclipse\plugins\org.testng.eclipse_6.9.11.201604020423\lib\snakeyaml.jar;C:\Java Library\Selenium 3.141.59\byte-buddy-1.8.15.jar;C:\Java Library\Selenium 3.141.59\client-combined-3.141.59.jar;C:\Java Library\Selenium 3.141.59\client-combined-3.141.59-sources.jar;C:\Java Library\Selenium 3.141.59\commons-exec-1.3.jar;C:\Java 
Launcher Type: SUN_STANDARD

Environment Variables:
JAVA_HOME=C:\Program Files\Java\jdk1.8.0_211
PATH=C:\Program Files\Java\jdk1.8.0_211\jre\bin;C:/Program Files/Java/jre1.8.0_211/bin/server;C:/Program Files/Java/jre1.8.0_211/bin;C:/Program Files/Java/jre1.8.0_211/lib/amd64;C:\Program Files (x86)\Common Files\Oracle\Java\javapath;C:\ProgramData\Oracle\Java\javapath;c:\Program Files (x86)\Intel\iCLS Client\;c:\Program Files\Intel\iCLS Client\;C:\WINDOWS\system32;C:\WINDOWS;C:\WINDOWS\System32\Wbem;C:\WINDOWS\System32\WindowsPowerShell\v1.0\;C:\Program Files\Intel\Intel(R) Management Engine Components\DAL;C:\Program Files\Intel\Intel(R) Management Engine Components\IPT;C:\Program Files (x86)\Intel\Intel(R) Management Engine Components\DAL;C:\Program Files (x86)\Intel\Intel(R) Management Engine Components\IPT;c:\Program Files (x86)\ATI Technologies\ATI.ACE\Core-Static;C:\Program Files (x86)\Windows Live\Shared;C:\Program Files\Intel\WiFi\bin\;C:\Program Files\Common Files\Intel\WirelessCommon\;c:\Program Files (x86)\Microsoft SQL Server\100\Tools\Binn\;c:\Program Files\Microsoft SQL Server\100\Tools\Binn\;c:\Program Files\Microsoft SQL Server\100\DTS\Binn\;c:\Program Files (x86)\Microsoft SQL Server\90\Tools\binn\;C:\Program Files\Java\jdk1.8.0_60\bin;C:\Program Files (x86)\Common Files\lenovo\easyplussdk\bin;C:\Program Files\Java\jdk1.8.0_211\bin;C:\Program Files\Git\cmd;C:\WINDOWS\System32\OpenSSH\;C:\Users\radha\AppData\Local\Microsoft\WindowsApps;;C:\eclipse-jee-oxygen-3a-win32-x86_64\eclipse;
USERNAME=radha
OS=Windows_NT
PROCESSOR_IDENTIFIER=Intel64 Family 6 Model 58 Stepping 9, GenuineIntel



---------------  S Y S T E M  ---------------

OS: Windows 10.0 , 64 bit Build 18362 (10.0.18362.329)

CPU:total 4 (initial active 4) (2 cores per cpu, 2 threads per core) family 6 model 58 stepping 9, cmov, cx8, fxsr, mmx, sse, sse2, sse3, ssse3, sse4.1, sse4.2, popcnt, avx, aes, clmul, erms, ht, tsc, tscinvbit, tscinv

Memory: 4k page, physical 4060440k(1754448k free), swap 7454616k(2780992k free)

vm_info: Java HotSpot(TM) 64-Bit Server VM (25.211-b12) for windows-amd64 JRE (1.8.0_211-b12), built on Apr  1 2019 20:53:26 by "java_re" with MS VC++ 10.0 (VS2010)

time: Sat Sep 14 19:35:07 2019
timezone: India Standard Time
elapsed time: 19273 seconds (0d 5h 21m 13s)

